<?xml version="1.0" encoding="UTF-8"?>
<!-- Generated by org.testng.reporters.JUnitReportReporter -->
<testsuite hostname="Naeem" failures="0" tests="2" name="myTestProject.tests.LoginTest" time="140.934" errors="0" timestamp="2024-07-18T22:41:17 PKT" skipped="0">
  <testcase classname="myTestProject.tests.LoginTest" name="Login" time="136.254"/>
  <testcase classname="myTestProject.tests.LoginTest" name="Logout" time="4.680"/>
</testsuite> <!-- myTestProject.tests.LoginTest -->
